<?xml version="1.0" encoding="UTF-8"?>
<!-- Generated by org.testng.reporters.JUnitXMLReporter -->
<testsuite ignored="0" hostname="SLB-F3QB2X2" failures="0" tests="4" name="Default test" time="0.06" errors="0" timestamp="2022-01-15T15:53:41 IST">
  <testcase classname="Sec14_114_JavaStreams" name="getOutput" time="0.007"/>
  <testcase classname="Sec14_114_JavaStreams" name="streamCollect" time="0.005"/>
  <testcase classname="Sec14_114_JavaStreams" name="streamFilter" time="0.003"/>
  <testcase classname="Sec14_114_JavaStreams" name="streamMap" time="0.009"/>
</testsuite> <!-- Default test -->
