<?xml version="1.0" encoding="UTF-8"?>
<testng-results ignored="0" total="4" passed="4" failed="0" skipped="0">
  <reporter-output>
  </reporter-output>
  <suite started-at="2022-01-15T15:53:41 IST" name="Default suite" finished-at="2022-01-15T15:53:41 IST" duration-ms="60">
    <groups>
    </groups>
    <test started-at="2022-01-15T15:53:41 IST" name="Default test" finished-at="2022-01-15T15:53:41 IST" duration-ms="60">
      <class name="Sec14_114_JavaStreams">
        <test-method signature="getOutput()[pri:0, instance:Sec14_114_JavaStreams@383bfa16]" started-at="2022-01-15T15:53:41 IST" name="getOutput" finished-at="2022-01-15T15:53:41 IST" duration-ms="7" status="PASS">
          <reporter-output>
          </reporter-output>
        </test-method> <!-- getOutput -->
        <test-method signature="streamCollect()[pri:0, instance:Sec14_114_JavaStreams@383bfa16]" started-at="2022-01-15T15:53:41 IST" name="streamCollect" finished-at="2022-01-15T15:53:41 IST" duration-ms="5" status="PASS">
          <reporter-output>
          </reporter-output>
        </test-method> <!-- streamCollect -->
        <test-method signature="streamFilter()[pri:0, instance:Sec14_114_JavaStreams@383bfa16]" started-at="2022-01-15T15:53:41 IST" name="streamFilter" finished-at="2022-01-15T15:53:41 IST" duration-ms="3" status="PASS">
          <reporter-output>
          </reporter-output>
        </test-method> <!-- streamFilter -->
        <test-method signature="streamMap()[pri:0, instance:Sec14_114_JavaStreams@383bfa16]" started-at="2022-01-15T15:53:41 IST" name="streamMap" finished-at="2022-01-15T15:53:41 IST" duration-ms="9" status="PASS">
          <reporter-output>
          </reporter-output>
        </test-method> <!-- streamMap -->
      </class> <!-- Sec14_114_JavaStreams -->
    </test> <!-- Default test -->
  </suite> <!-- Default suite -->
</testng-results>
